2025-01-07 12:45:46 TRACE socketutil.c:45: [bindSocket(int, struct sockaddr_in *)] : Socket was bound successfully
2025-01-07 12:45:46 TRACE socketutil.c:60: [listenForConnections(int)] : Socket is listening...
2025-01-07 12:46:04 INFO  server.c:426: [handle_user_authentication(int, packet*)] : User admin registered successfully
2025-01-07 12:46:04 INFO  server.c:275: [handle_consumer_request(int, cJSON*)] : Queue not found for key key1
2025-01-07 12:46:04 INFO  server.c:320: [handle_consumer_request(int, cJSON*)] : Queue not found for topic livingroom.temperature
2025-01-07 12:50:04 TRACE socketutil.c:45: [bindSocket(int, struct sockaddr_in *)] : Socket was bound successfully
2025-01-07 12:50:04 TRACE socketutil.c:60: [listenForConnections(int)] : Socket is listening...
2025-01-07 12:50:07 INFO  server.c:426: [handle_user_authentication(int, packet*)] : User admin registered successfully
2025-01-07 12:50:07 INFO  server.c:275: [handle_consumer_request(int, cJSON*)] : Queue not found for key key1
2025-01-07 12:50:07 INFO  server.c:320: [handle_consumer_request(int, cJSON*)] : Queue not found for topic livingroom.temperature
2025-01-07 12:51:12 FATAL socketutil.c:49: [bindSocket(int, struct sockaddr_in *)] : Address already in use
2025-01-07 12:51:47 TRACE socketutil.c:45: [bindSocket(int, struct sockaddr_in *)] : Socket was bound successfully
2025-01-07 12:51:47 TRACE socketutil.c:60: [listenForConnections(int)] : Socket is listening...
2025-01-07 12:51:50 INFO  server.c:426: [handle_user_authentication(int, packet*)] : User admin registered successfully
2025-01-07 12:51:50 INFO  packet.c:146: [send_producer_ack_packet(int)] : Producer ACK packet sent
2025-01-07 12:51:51 INFO  packet.c:146: [send_producer_ack_packet(int)] : Producer ACK packet sent
2025-01-07 12:51:51 INFO  packet.c:146: [send_producer_ack_packet(int)] : Producer ACK packet sent
2025-01-07 12:51:52 INFO  packet.c:146: [send_producer_ack_packet(int)] : Producer ACK packet sent
2025-01-07 12:51:52 INFO  packet.c:146: [send_producer_ack_packet(int)] : Producer ACK packet sent
2025-01-07 12:51:52 INFO  packet.c:146: [send_producer_ack_packet(int)] : Producer ACK packet sent
2025-01-07 12:51:52 INFO  packet.c:146: [send_producer_ack_packet(int)] : Producer ACK packet sent
2025-01-07 12:51:53 INFO  packet.c:146: [send_producer_ack_packet(int)] : Producer ACK packet sent
2025-01-07 12:51:53 INFO  packet.c:146: [send_producer_ack_packet(int)] : Producer ACK packet sent
2025-01-07 12:53:39 TRACE socketutil.c:45: [bindSocket(int, struct sockaddr_in *)] : Socket was bound successfully
2025-01-07 12:53:39 TRACE socketutil.c:60: [listenForConnections(int)] : Socket is listening...
2025-01-07 12:53:43 INFO  server.c:426: [handle_user_authentication(int, packet*)] : User admin registered successfully
2025-01-07 12:53:43 INFO  packet.c:146: [send_producer_ack_packet(int)] : Producer ACK packet sent
2025-01-07 12:53:43 INFO  packet.c:146: [send_producer_ack_packet(int)] : Producer ACK packet sent
2025-01-07 12:53:43 INFO  packet.c:146: [send_producer_ack_packet(int)] : Producer ACK packet sent
2025-01-07 12:53:44 INFO  packet.c:146: [send_producer_ack_packet(int)] : Producer ACK packet sent
2025-01-07 12:53:45 INFO  packet.c:146: [send_producer_ack_packet(int)] : Producer ACK packet sent
2025-01-07 12:53:45 INFO  packet.c:146: [send_producer_ack_packet(int)] : Producer ACK packet sent
2025-01-07 12:53:45 INFO  packet.c:146: [send_producer_ack_packet(int)] : Producer ACK packet sent
2025-01-07 12:53:45 INFO  packet.c:146: [send_producer_ack_packet(int)] : Producer ACK packet sent
2025-01-07 12:53:45 INFO  packet.c:146: [send_producer_ack_packet(int)] : Producer ACK packet sent
2025-01-07 12:56:11 TRACE socketutil.c:45: [bindSocket(int, struct sockaddr_in *)] : Socket was bound successfully
2025-01-07 12:56:11 TRACE socketutil.c:60: [listenForConnections(int)] : Socket is listening...
2025-01-07 12:56:12 INFO  server.c:426: [handle_user_authentication(int, packet*)] : User admin registered successfully
2025-01-07 12:56:12 INFO  packet.c:146: [send_producer_ack_packet(int)] : Producer ACK packet sent
2025-01-07 12:56:12 INFO  packet.c:146: [send_producer_ack_packet(int)] : Producer ACK packet sent
2025-01-07 12:56:13 INFO  packet.c:146: [send_producer_ack_packet(int)] : Producer ACK packet sent
2025-01-07 12:56:13 INFO  packet.c:146: [send_producer_ack_packet(int)] : Producer ACK packet sent
2025-01-07 12:56:14 INFO  packet.c:146: [send_producer_ack_packet(int)] : Producer ACK packet sent
2025-01-07 12:56:14 INFO  packet.c:146: [send_producer_ack_packet(int)] : Producer ACK packet sent
2025-01-07 12:56:14 INFO  packet.c:146: [send_producer_ack_packet(int)] : Producer ACK packet sent
2025-01-07 12:56:14 INFO  packet.c:146: [send_producer_ack_packet(int)] : Producer ACK packet sent
2025-01-07 12:56:14 INFO  packet.c:146: [send_producer_ack_packet(int)] : Producer ACK packet sent
2025-01-07 12:56:15 ERROR packet.c:112: [send_packet(int, packet*)] : &s
2025-01-07 12:58:10 TRACE socketutil.c:45: [bindSocket(int, struct sockaddr_in *)] : Socket was bound successfully
2025-01-07 12:58:10 TRACE socketutil.c:60: [listenForConnections(int)] : Socket is listening...
2025-01-07 12:58:11 INFO  server.c:426: [handle_user_authentication(int, packet*)] : User admin registered successfully
2025-01-07 12:58:11 INFO  packet.c:146: [send_producer_ack_packet(int)] : Producer ACK packet sent
2025-01-07 12:58:11 INFO  packet.c:146: [send_producer_ack_packet(int)] : Producer ACK packet sent
2025-01-07 12:58:12 INFO  packet.c:146: [send_producer_ack_packet(int)] : Producer ACK packet sent
2025-01-07 12:58:13 INFO  packet.c:146: [send_producer_ack_packet(int)] : Producer ACK packet sent
2025-01-07 12:58:13 INFO  packet.c:146: [send_producer_ack_packet(int)] : Producer ACK packet sent
2025-01-07 12:58:13 INFO  packet.c:146: [send_producer_ack_packet(int)] : Producer ACK packet sent
2025-01-07 12:58:13 INFO  packet.c:146: [send_producer_ack_packet(int)] : Producer ACK packet sent
2025-01-07 12:58:13 INFO  packet.c:146: [send_producer_ack_packet(int)] : Producer ACK packet sent
2025-01-07 12:58:14 INFO  packet.c:146: [send_producer_ack_packet(int)] : Producer ACK packet sent
2025-01-07 12:58:14 INFO  server.c:114: [process_packets(void*)] : Connection closed by client with address 127.0.0.1 and port 51980
2025-01-07 13:04:36 TRACE socketutil.c:45: [bindSocket(int, struct sockaddr_in *)] : Socket was bound successfully
2025-01-07 13:04:36 TRACE socketutil.c:60: [listenForConnections(int)] : Socket is listening...
2025-01-07 13:04:38 INFO  server.c:426: [handle_user_authentication(int, packet*)] : User admin registered successfully
2025-01-07 13:04:38 INFO  packet.c:146: [send_producer_ack_packet(int)] : Producer ACK packet sent
2025-01-07 13:04:38 INFO  packet.c:146: [send_producer_ack_packet(int)] : Producer ACK packet sent
2025-01-07 13:04:38 INFO  packet.c:146: [send_producer_ack_packet(int)] : Producer ACK packet sent
2025-01-07 13:04:39 INFO  packet.c:146: [send_producer_ack_packet(int)] : Producer ACK packet sent
2025-01-07 13:04:39 INFO  packet.c:146: [send_producer_ack_packet(int)] : Producer ACK packet sent
2025-01-07 13:04:39 INFO  packet.c:146: [send_producer_ack_packet(int)] : Producer ACK packet sent
2025-01-07 13:04:39 INFO  packet.c:146: [send_producer_ack_packet(int)] : Producer ACK packet sent
2025-01-07 13:04:40 INFO  packet.c:146: [send_producer_ack_packet(int)] : Producer ACK packet sent
2025-01-07 13:04:40 INFO  packet.c:146: [send_producer_ack_packet(int)] : Producer ACK packet sent
2025-01-07 13:04:40 INFO  server.c:114: [process_packets(void*)] : Connection closed by client with address 127.0.0.1 and port 59620
2025-01-07 13:12:55 TRACE socketutil.c:45: [bindSocket(int, struct sockaddr_in *)] : Socket was bound successfully
2025-01-07 13:12:55 TRACE socketutil.c:60: [listenForConnections(int)] : Socket is listening...
2025-01-07 13:12:57 INFO  server.c:428: [handle_user_authentication(int, packet*)] : User admin registered successfully
2025-01-07 13:12:57 INFO  packet.c:146: [send_producer_ack_packet(int)] : Producer ACK packet sent
2025-01-07 13:12:57 INFO  packet.c:146: [send_producer_ack_packet(int)] : Producer ACK packet sent
2025-01-07 13:12:57 INFO  packet.c:146: [send_producer_ack_packet(int)] : Producer ACK packet sent
2025-01-07 13:12:58 INFO  packet.c:146: [send_producer_ack_packet(int)] : Producer ACK packet sent
2025-01-07 13:12:58 INFO  packet.c:146: [send_producer_ack_packet(int)] : Producer ACK packet sent
2025-01-07 13:12:58 INFO  packet.c:146: [send_producer_ack_packet(int)] : Producer ACK packet sent
2025-01-07 13:12:59 INFO  packet.c:146: [send_producer_ack_packet(int)] : Producer ACK packet sent
2025-01-07 13:12:59 INFO  packet.c:146: [send_producer_ack_packet(int)] : Producer ACK packet sent
2025-01-07 13:12:59 INFO  packet.c:146: [send_producer_ack_packet(int)] : Producer ACK packet sent
2025-01-07 13:12:59 INFO  server.c:116: [process_packets(void*)] : Connection closed by client with address 127.0.0.1 and port 34446
2025-01-07 13:15:04 TRACE socketutil.c:45: [bindSocket(int, struct sockaddr_in *)] : Socket was bound successfully
2025-01-07 13:15:04 TRACE socketutil.c:60: [listenForConnections(int)] : Socket is listening...
2025-01-07 13:15:06 INFO  server.c:432: [handle_user_authentication(int, packet*)] : User admin registered successfully
2025-01-07 13:15:06 INFO  packet.c:146: [send_producer_ack_packet(int)] : Producer ACK packet sent
2025-01-07 13:15:06 INFO  packet.c:146: [send_producer_ack_packet(int)] : Producer ACK packet sent
2025-01-07 13:15:07 INFO  packet.c:146: [send_producer_ack_packet(int)] : Producer ACK packet sent
2025-01-07 13:15:08 INFO  packet.c:146: [send_producer_ack_packet(int)] : Producer ACK packet sent
2025-01-07 13:15:08 INFO  packet.c:146: [send_producer_ack_packet(int)] : Producer ACK packet sent
2025-01-07 13:15:08 INFO  packet.c:146: [send_producer_ack_packet(int)] : Producer ACK packet sent
2025-01-07 13:15:08 INFO  packet.c:146: [send_producer_ack_packet(int)] : Producer ACK packet sent
2025-01-07 13:15:08 INFO  packet.c:146: [send_producer_ack_packet(int)] : Producer ACK packet sent
2025-01-07 13:15:09 INFO  packet.c:146: [send_producer_ack_packet(int)] : Producer ACK packet sent
2025-01-07 13:15:09 INFO  server.c:120: [process_packets(void*)] : Connection closed by client with address 127.0.0.1 and port 47792
2025-01-07 13:18:41 TRACE socketutil.c:45: [bindSocket(int, struct sockaddr_in *)] : Socket was bound successfully
2025-01-07 13:18:41 TRACE socketutil.c:60: [listenForConnections(int)] : Socket is listening...
2025-01-07 13:18:42 INFO  server.c:431: [handle_user_authentication(int, packet*)] : User admin registered successfully
2025-01-07 13:18:42 INFO  packet.c:146: [send_producer_ack_packet(int)] : Producer ACK packet sent
2025-01-07 13:18:42 INFO  packet.c:146: [send_producer_ack_packet(int)] : Producer ACK packet sent
2025-01-07 13:18:42 INFO  packet.c:146: [send_producer_ack_packet(int)] : Producer ACK packet sent
2025-01-07 13:18:43 INFO  packet.c:146: [send_producer_ack_packet(int)] : Producer ACK packet sent
2025-01-07 13:18:43 INFO  packet.c:146: [send_producer_ack_packet(int)] : Producer ACK packet sent
2025-01-07 13:18:44 INFO  packet.c:146: [send_producer_ack_packet(int)] : Producer ACK packet sent
2025-01-07 13:18:44 INFO  packet.c:146: [send_producer_ack_packet(int)] : Producer ACK packet sent
2025-01-07 13:18:44 INFO  packet.c:146: [send_producer_ack_packet(int)] : Producer ACK packet sent
2025-01-07 13:18:44 INFO  packet.c:146: [send_producer_ack_packet(int)] : Producer ACK packet sent
2025-01-07 13:18:44 INFO  server.c:119: [process_packets(void*)] : Connection closed by client with address 127.0.0.1 and port 55262
2025-01-07 13:21:45 TRACE socketutil.c:45: [bindSocket(int, struct sockaddr_in *)] : Socket was bound successfully
2025-01-07 13:21:45 TRACE socketutil.c:60: [listenForConnections(int)] : Socket is listening...
2025-01-07 13:21:46 INFO  server.c:434: [handle_user_authentication(int, packet*)] : User admin registered successfully
2025-01-07 13:21:46 INFO  packet.c:146: [send_producer_ack_packet(int)] : Producer ACK packet sent
2025-01-07 13:21:46 INFO  packet.c:146: [send_producer_ack_packet(int)] : Producer ACK packet sent
2025-01-07 13:21:46 INFO  packet.c:146: [send_producer_ack_packet(int)] : Producer ACK packet sent
2025-01-07 13:21:47 INFO  packet.c:146: [send_producer_ack_packet(int)] : Producer ACK packet sent
2025-01-07 13:21:47 INFO  packet.c:146: [send_producer_ack_packet(int)] : Producer ACK packet sent
2025-01-07 13:21:48 INFO  packet.c:146: [send_producer_ack_packet(int)] : Producer ACK packet sent
2025-01-07 13:21:48 INFO  packet.c:146: [send_producer_ack_packet(int)] : Producer ACK packet sent
2025-01-07 13:21:48 INFO  packet.c:146: [send_producer_ack_packet(int)] : Producer ACK packet sent
2025-01-07 13:21:48 INFO  packet.c:146: [send_producer_ack_packet(int)] : Producer ACK packet sent
2025-01-07 13:21:48 INFO  server.c:120: [process_packets(void*)] : Connection closed by client with address 127.0.0.1 and port 53860
2025-01-07 13:26:34 TRACE socketutil.c:45: [bindSocket(int, struct sockaddr_in *)] : Socket was bound successfully
2025-01-07 13:26:34 TRACE socketutil.c:60: [listenForConnections(int)] : Socket is listening...
2025-01-07 13:26:38 INFO  server.c:428: [handle_user_authentication(int, packet*)] : User admin registered successfully
2025-01-07 13:26:38 INFO  packet.c:146: [send_producer_ack_packet(int)] : Producer ACK packet sent
2025-01-07 13:26:38 INFO  packet.c:146: [send_producer_ack_packet(int)] : Producer ACK packet sent
2025-01-07 13:26:38 INFO  packet.c:146: [send_producer_ack_packet(int)] : Producer ACK packet sent
2025-01-07 13:26:39 INFO  packet.c:146: [send_producer_ack_packet(int)] : Producer ACK packet sent
2025-01-07 13:26:39 INFO  packet.c:146: [send_producer_ack_packet(int)] : Producer ACK packet sent
2025-01-07 13:26:39 INFO  packet.c:146: [send_producer_ack_packet(int)] : Producer ACK packet sent
2025-01-07 13:26:40 INFO  packet.c:146: [send_producer_ack_packet(int)] : Producer ACK packet sent
2025-01-07 13:26:40 INFO  packet.c:146: [send_producer_ack_packet(int)] : Producer ACK packet sent
2025-01-07 13:26:40 INFO  packet.c:146: [send_producer_ack_packet(int)] : Producer ACK packet sent
2025-01-07 13:28:22 INFO  server.c:120: [process_packets(void*)] : Connection closed by client with address 127.0.0.1 and port 37216
2025-01-07 14:10:51 TRACE socketutil.c:45: [bindSocket(int, struct sockaddr_in *)] : Socket was bound successfully
2025-01-07 14:10:51 TRACE socketutil.c:60: [listenForConnections(int)] : Socket is listening...
2025-01-07 14:10:56 INFO  server.c:427: [handle_user_authentication(int, packet*)] : User admin registered successfully
2025-01-07 14:10:56 INFO  packet.c:146: [send_producer_ack_packet(int)] : Producer ACK packet sent
2025-01-07 14:10:56 INFO  packet.c:146: [send_producer_ack_packet(int)] : Producer ACK packet sent
2025-01-07 14:10:56 INFO  packet.c:146: [send_producer_ack_packet(int)] : Producer ACK packet sent
2025-01-07 14:10:57 INFO  packet.c:146: [send_producer_ack_packet(int)] : Producer ACK packet sent
2025-01-07 14:10:57 INFO  packet.c:146: [send_producer_ack_packet(int)] : Producer ACK packet sent
2025-01-07 14:10:58 INFO  packet.c:146: [send_producer_ack_packet(int)] : Producer ACK packet sent
2025-01-07 14:10:58 INFO  packet.c:146: [send_producer_ack_packet(int)] : Producer ACK packet sent
2025-01-07 14:10:58 INFO  packet.c:146: [send_producer_ack_packet(int)] : Producer ACK packet sent
2025-01-07 14:10:58 INFO  packet.c:146: [send_producer_ack_packet(int)] : Producer ACK packet sent
2025-01-08 08:27:37 TRACE socketutil.c:45: [bindSocket(int, struct sockaddr_in *)] : Socket was bound successfully
2025-01-08 08:27:37 TRACE socketutil.c:60: [listenForConnections(int)] : Socket is listening...
2025-01-08 08:28:12 TRACE socketutil.c:45: [bindSocket(int, struct sockaddr_in *)] : Socket was bound successfully
2025-01-08 08:28:12 TRACE socketutil.c:60: [listenForConnections(int)] : Socket is listening...
2025-01-08 08:28:20 INFO  server.c:426: [handle_user_authentication(int, packet*)] : User admin registered successfully
2025-01-08 08:28:20 INFO  packet.c:146: [send_producer_ack_packet(int)] : Producer ACK packet sent
2025-01-08 08:28:20 INFO  packet.c:146: [send_producer_ack_packet(int)] : Producer ACK packet sent
2025-01-08 08:28:21 INFO  packet.c:146: [send_producer_ack_packet(int)] : Producer ACK packet sent
2025-01-08 08:28:22 INFO  packet.c:146: [send_producer_ack_packet(int)] : Producer ACK packet sent
2025-01-08 08:28:22 INFO  packet.c:146: [send_producer_ack_packet(int)] : Producer ACK packet sent
2025-01-08 08:28:22 INFO  packet.c:146: [send_producer_ack_packet(int)] : Producer ACK packet sent
2025-01-08 08:28:22 INFO  packet.c:146: [send_producer_ack_packet(int)] : Producer ACK packet sent
2025-01-08 08:28:22 INFO  packet.c:146: [send_producer_ack_packet(int)] : Producer ACK packet sent
2025-01-08 08:28:23 INFO  packet.c:146: [send_producer_ack_packet(int)] : Producer ACK packet sent
2025-01-08 08:28:34 INFO  server.c:119: [process_packets(void*)] : Connection closed by client with address 127.0.0.1 and port 51684
2025-01-08 20:14:08 TRACE socketutil.c:45: [bindSocket(int, struct sockaddr_in *)] : Socket was bound successfully
2025-01-08 20:14:08 TRACE socketutil.c:60: [listenForConnections(int)] : Socket is listening...
2025-01-08 20:14:34 INFO  server.c:463: [handle_user_authentication(int, packet*)] : User admin registered successfully
2025-01-08 20:14:34 INFO  packet.c:146: [send_producer_ack_packet(int)] : Producer ACK packet sent
2025-01-08 20:14:34 INFO  packet.c:146: [send_producer_ack_packet(int)] : Producer ACK packet sent
2025-01-08 20:14:34 INFO  packet.c:146: [send_producer_ack_packet(int)] : Producer ACK packet sent
2025-01-08 20:14:35 INFO  packet.c:146: [send_producer_ack_packet(int)] : Producer ACK packet sent
2025-01-08 20:14:35 INFO  packet.c:146: [send_producer_ack_packet(int)] : Producer ACK packet sent
2025-01-08 20:14:35 INFO  packet.c:146: [send_producer_ack_packet(int)] : Producer ACK packet sent
2025-01-08 20:14:36 INFO  packet.c:146: [send_producer_ack_packet(int)] : Producer ACK packet sent
2025-01-08 20:14:36 INFO  packet.c:146: [send_producer_ack_packet(int)] : Producer ACK packet sent
2025-01-08 20:14:36 INFO  packet.c:146: [send_producer_ack_packet(int)] : Producer ACK packet sent
2025-01-08 20:15:18 INFO  server.c:119: [process_packets(void*)] : Connection closed by client with address 127.0.0.1 and port 48030
2025-01-08 20:16:36 TRACE socketutil.c:45: [bindSocket(int, struct sockaddr_in *)] : Socket was bound successfully
2025-01-08 20:16:36 TRACE socketutil.c:60: [listenForConnections(int)] : Socket is listening...
2025-01-08 20:16:37 INFO  server.c:466: [handle_user_authentication(int, packet*)] : User admin registered successfully
2025-01-08 20:16:37 INFO  packet.c:146: [send_producer_ack_packet(int)] : Producer ACK packet sent
2025-01-08 20:16:37 INFO  packet.c:146: [send_producer_ack_packet(int)] : Producer ACK packet sent
2025-01-08 20:16:37 INFO  packet.c:146: [send_producer_ack_packet(int)] : Producer ACK packet sent
2025-01-08 20:16:38 INFO  packet.c:146: [send_producer_ack_packet(int)] : Producer ACK packet sent
2025-01-08 20:16:38 INFO  packet.c:146: [send_producer_ack_packet(int)] : Producer ACK packet sent
2025-01-08 20:16:39 INFO  packet.c:146: [send_producer_ack_packet(int)] : Producer ACK packet sent
2025-01-08 20:16:39 INFO  packet.c:146: [send_producer_ack_packet(int)] : Producer ACK packet sent
2025-01-08 20:16:39 INFO  packet.c:146: [send_producer_ack_packet(int)] : Producer ACK packet sent
2025-01-08 20:16:39 INFO  packet.c:146: [send_producer_ack_packet(int)] : Producer ACK packet sent
2025-01-08 20:17:13 INFO  server.c:119: [process_packets(void*)] : Connection closed by client with address 127.0.0.1 and port 33096
2025-01-08 20:17:40 INFO  server.c:453: [handle_user_authentication(int, packet*)] : User admin authenticated successfully
2025-01-08 20:17:40 INFO  packet.c:146: [send_producer_ack_packet(int)] : Producer ACK packet sent
2025-01-08 20:17:41 INFO  packet.c:146: [send_producer_ack_packet(int)] : Producer ACK packet sent
2025-01-08 20:17:41 INFO  packet.c:146: [send_producer_ack_packet(int)] : Producer ACK packet sent
2025-01-08 20:17:42 INFO  packet.c:146: [send_producer_ack_packet(int)] : Producer ACK packet sent
2025-01-08 20:17:42 INFO  packet.c:146: [send_producer_ack_packet(int)] : Producer ACK packet sent
2025-01-08 20:17:42 INFO  packet.c:146: [send_producer_ack_packet(int)] : Producer ACK packet sent
2025-01-08 20:17:42 INFO  packet.c:146: [send_producer_ack_packet(int)] : Producer ACK packet sent
2025-01-08 20:17:43 INFO  packet.c:146: [send_producer_ack_packet(int)] : Producer ACK packet sent
2025-01-08 20:17:43 INFO  packet.c:146: [send_producer_ack_packet(int)] : Producer ACK packet sent
2025-01-08 20:18:00 INFO  server.c:119: [process_packets(void*)] : Connection closed by client with address 127.0.0.1 and port 46920
2025-01-08 20:19:16 TRACE socketutil.c:45: [bindSocket(int, struct sockaddr_in *)] : Socket was bound successfully
2025-01-08 20:19:16 TRACE socketutil.c:60: [listenForConnections(int)] : Socket is listening...
2025-01-08 20:19:19 INFO  server.c:466: [handle_user_authentication(int, packet*)] : User admin registered successfully
2025-01-08 20:19:19 DEBUG server.c:361: [handle_subscribe(int, packet*, client_connection*)] : Entered function
2025-01-08 20:19:19 DEBUG server.c:382: [handle_subscribe(int, packet*, client_connection*)] : Topic to subscribe: livingroom.temperature
2025-01-08 20:19:19 INFO  server.c:386: [handle_subscribe(int, packet*, client_connection*)] : User admin subscribed to topic livingroom.temperature
2025-01-08 20:28:52 TRACE socketutil.c:45: [bindSocket(int, struct sockaddr_in *)] : Socket was bound successfully
2025-01-08 20:28:52 TRACE socketutil.c:60: [listenForConnections(int)] : Socket is listening...
2025-01-08 20:28:55 INFO  server.c:466: [handle_user_authentication(int, packet*)] : User admin registered successfully
2025-01-08 20:28:55 DEBUG server.c:361: [handle_subscribe(int, packet*, client_connection*)] : Entered function
2025-01-08 20:28:55 DEBUG server.c:382: [handle_subscribe(int, packet*, client_connection*)] : Topic to subscribe: livingroom.temperature
2025-01-08 20:28:55 INFO  server.c:386: [handle_subscribe(int, packet*, client_connection*)] : User admin subscribed to topic livingroom.temperature
2025-01-08 20:38:37 TRACE socketutil.c:45: [bindSocket(int, struct sockaddr_in *)] : Socket was bound successfully
2025-01-08 20:38:37 TRACE socketutil.c:60: [listenForConnections(int)] : Socket is listening...
2025-01-08 20:38:40 INFO  server.c:466: [handle_user_authentication(int, packet*)] : User admin registered successfully
2025-01-08 20:38:40 DEBUG server.c:361: [handle_subscribe(int, packet*, client_connection*)] : Entered function
2025-01-08 20:38:40 DEBUG server.c:382: [handle_subscribe(int, packet*, client_connection*)] : Topic to subscribe: livingroom.temperature
2025-01-08 20:38:40 INFO  server.c:386: [handle_subscribe(int, packet*, client_connection*)] : User "admin" subscribed to topic livingroom.temperature
2025-01-08 20:44:03 TRACE socketutil.c:45: [bindSocket(int, struct sockaddr_in *)] : Socket was bound successfully
2025-01-08 20:44:03 TRACE socketutil.c:60: [listenForConnections(int)] : Socket is listening...
2025-01-08 20:44:05 INFO  server.c:466: [handle_user_authentication(int, packet*)] : User admin registered successfully
2025-01-08 20:44:05 INFO  packet.c:152: [send_producer_ack_packet(int)] : Producer ACK packet sent
2025-01-08 20:44:05 INFO  packet.c:152: [send_producer_ack_packet(int)] : Producer ACK packet sent
2025-01-08 20:44:05 INFO  packet.c:152: [send_producer_ack_packet(int)] : Producer ACK packet sent
2025-01-08 20:44:06 INFO  packet.c:152: [send_producer_ack_packet(int)] : Producer ACK packet sent
2025-01-08 20:44:07 INFO  packet.c:152: [send_producer_ack_packet(int)] : Producer ACK packet sent
2025-01-08 20:44:07 INFO  packet.c:152: [send_producer_ack_packet(int)] : Producer ACK packet sent
2025-01-08 20:44:07 INFO  packet.c:152: [send_producer_ack_packet(int)] : Producer ACK packet sent
2025-01-08 20:44:07 INFO  packet.c:152: [send_producer_ack_packet(int)] : Producer ACK packet sent
2025-01-08 20:44:07 INFO  packet.c:152: [send_producer_ack_packet(int)] : Producer ACK packet sent
2025-01-08 20:44:08 DEBUG server.c:361: [handle_subscribe(int, packet*, client_connection*)] : Entered function
2025-01-08 20:44:08 DEBUG server.c:382: [handle_subscribe(int, packet*, client_connection*)] : Topic to subscribe: livingroom.temperature
2025-01-08 20:44:08 INFO  server.c:386: [handle_subscribe(int, packet*, client_connection*)] : User "admin" subscribed to topic livingroom.temperature
2025-01-08 20:44:32 FATAL socketutil.c:49: [bindSocket(int, struct sockaddr_in *)] : Address already in use
2025-01-08 20:48:12 TRACE socketutil.c:45: [bindSocket(int, struct sockaddr_in *)] : Socket was bound successfully
2025-01-08 20:48:12 TRACE socketutil.c:60: [listenForConnections(int)] : Socket is listening...
2025-01-08 20:48:16 INFO  server.c:466: [handle_user_authentication(int, packet*)] : User admin registered successfully
2025-01-08 20:48:16 INFO  packet.c:152: [send_producer_ack_packet(int)] : Producer ACK packet sent
2025-01-08 20:48:16 INFO  packet.c:152: [send_producer_ack_packet(int)] : Producer ACK packet sent
2025-01-08 20:48:16 INFO  packet.c:152: [send_producer_ack_packet(int)] : Producer ACK packet sent
2025-01-08 20:48:17 INFO  packet.c:152: [send_producer_ack_packet(int)] : Producer ACK packet sent
2025-01-08 20:48:17 INFO  packet.c:152: [send_producer_ack_packet(int)] : Producer ACK packet sent
2025-01-08 20:48:17 INFO  packet.c:152: [send_producer_ack_packet(int)] : Producer ACK packet sent
2025-01-08 20:48:17 INFO  packet.c:152: [send_producer_ack_packet(int)] : Producer ACK packet sent
2025-01-08 20:48:18 INFO  packet.c:152: [send_producer_ack_packet(int)] : Producer ACK packet sent
2025-01-08 20:48:18 INFO  packet.c:152: [send_producer_ack_packet(int)] : Producer ACK packet sent
2025-01-08 20:48:18 DEBUG server.c:361: [handle_subscribe(int, packet*, client_connection*)] : Entered function
2025-01-08 20:48:18 DEBUG server.c:382: [handle_subscribe(int, packet*, client_connection*)] : Topic to subscribe: livingroom.temperature
2025-01-08 20:48:18 INFO  server.c:386: [handle_subscribe(int, packet*, client_connection*)] : User "admin" subscribed to topic livingroom.temperature
2025-01-08 20:49:53 INFO  server.c:453: [handle_user_authentication(int, packet*)] : User admin authenticated successfully
2025-01-08 20:49:53 INFO  packet.c:152: [send_producer_ack_packet(int)] : Producer ACK packet sent
2025-01-08 20:49:54 INFO  packet.c:152: [send_producer_ack_packet(int)] : Producer ACK packet sent
2025-01-08 20:49:54 INFO  trie.c:81: Message sent to subscriber: admin

2025-01-08 20:49:54 INFO  packet.c:152: [send_producer_ack_packet(int)] : Producer ACK packet sent
2025-01-08 20:49:55 INFO  packet.c:152: [send_producer_ack_packet(int)] : Producer ACK packet sent
2025-01-08 20:49:55 INFO  packet.c:152: [send_producer_ack_packet(int)] : Producer ACK packet sent
2025-01-08 20:49:55 INFO  packet.c:152: [send_producer_ack_packet(int)] : Producer ACK packet sent
2025-01-08 20:49:55 INFO  packet.c:152: [send_producer_ack_packet(int)] : Producer ACK packet sent
2025-01-08 20:49:56 INFO  packet.c:152: [send_producer_ack_packet(int)] : Producer ACK packet sent
2025-01-08 20:49:56 INFO  packet.c:152: [send_producer_ack_packet(int)] : Producer ACK packet sent
2025-01-08 20:49:56 DEBUG server.c:361: [handle_subscribe(int, packet*, client_connection*)] : Entered function
2025-01-08 20:49:56 DEBUG server.c:382: [handle_subscribe(int, packet*, client_connection*)] : Topic to subscribe: livingroom.temperature
2025-01-08 20:49:56 INFO  server.c:386: [handle_subscribe(int, packet*, client_connection*)] : User "admin" subscribed to topic livingroom.temperature
2025-01-08 21:01:33 TRACE socketutil.c:45: [bindSocket(int, struct sockaddr_in *)] : Socket was bound successfully
2025-01-08 21:01:33 TRACE socketutil.c:60: [listenForConnections(int)] : Socket is listening...
2025-01-08 21:01:35 INFO  server.c:466: [handle_user_authentication(int, packet*)] : User admin registered successfully
2025-01-08 21:01:35 INFO  packet.c:152: [send_producer_ack_packet(int)] : Producer ACK packet sent
2025-01-08 21:01:35 INFO  packet.c:152: [send_producer_ack_packet(int)] : Producer ACK packet sent
2025-01-08 21:01:35 INFO  packet.c:152: [send_producer_ack_packet(int)] : Producer ACK packet sent
2025-01-08 21:01:36 INFO  packet.c:152: [send_producer_ack_packet(int)] : Producer ACK packet sent
2025-01-08 21:01:36 INFO  packet.c:152: [send_producer_ack_packet(int)] : Producer ACK packet sent
2025-01-08 21:01:37 INFO  packet.c:152: [send_producer_ack_packet(int)] : Producer ACK packet sent
2025-01-08 21:01:37 INFO  packet.c:152: [send_producer_ack_packet(int)] : Producer ACK packet sent
2025-01-08 21:01:37 INFO  packet.c:152: [send_producer_ack_packet(int)] : Producer ACK packet sent
2025-01-08 21:01:37 INFO  packet.c:152: [send_producer_ack_packet(int)] : Producer ACK packet sent
2025-01-08 21:01:37 DEBUG server.c:361: [handle_subscribe(int, packet*, client_connection*)] : Entered function
2025-01-08 21:01:37 DEBUG server.c:382: [handle_subscribe(int, packet*, client_connection*)] : Topic to subscribe: livingroom.temperature
2025-01-08 21:01:37 INFO  trie.c:220: User admin subscribed to topic: livingroom.temperature
2025-01-08 21:01:37 INFO  server.c:386: [handle_subscribe(int, packet*, client_connection*)] : User "admin" subscribed to topic livingroom.temperature
2025-01-08 21:03:26 INFO  server.c:453: [handle_user_authentication(int, packet*)] : User admin authenticated successfully
2025-01-08 21:03:26 INFO  packet.c:152: [send_producer_ack_packet(int)] : Producer ACK packet sent
2025-01-08 21:03:26 INFO  packet.c:152: [send_producer_ack_packet(int)] : Producer ACK packet sent
2025-01-08 21:03:26 INFO  trie.c:84: Message sent to subscriber: admin

2025-01-08 21:03:26 INFO  packet.c:152: [send_producer_ack_packet(int)] : Producer ACK packet sent
2025-01-08 21:03:27 INFO  packet.c:152: [send_producer_ack_packet(int)] : Producer ACK packet sent
2025-01-08 21:03:28 INFO  packet.c:152: [send_producer_ack_packet(int)] : Producer ACK packet sent
2025-01-08 21:03:28 INFO  packet.c:152: [send_producer_ack_packet(int)] : Producer ACK packet sent
2025-01-08 21:03:28 INFO  packet.c:152: [send_producer_ack_packet(int)] : Producer ACK packet sent
2025-01-08 21:03:28 INFO  packet.c:152: [send_producer_ack_packet(int)] : Producer ACK packet sent
2025-01-08 21:03:28 INFO  packet.c:152: [send_producer_ack_packet(int)] : Producer ACK packet sent
2025-01-08 21:03:29 DEBUG server.c:361: [handle_subscribe(int, packet*, client_connection*)] : Entered function
2025-01-08 21:03:29 DEBUG server.c:382: [handle_subscribe(int, packet*, client_connection*)] : Topic to subscribe: livingroom.temperature
2025-01-08 21:03:29 INFO  trie.c:212: User admin is already subscribed to topic: livingroom.temperature
2025-01-08 21:03:29 INFO  server.c:386: [handle_subscribe(int, packet*, client_connection*)] : User "admin" subscribed to topic livingroom.temperature
2025-01-08 21:05:50 TRACE socketutil.c:45: [bindSocket(int, struct sockaddr_in *)] : Socket was bound successfully
2025-01-08 21:05:50 TRACE socketutil.c:60: [listenForConnections(int)] : Socket is listening...
2025-01-08 21:05:53 INFO  server.c:466: [handle_user_authentication(int, packet*)] : User admin registered successfully
2025-01-08 21:05:53 INFO  packet.c:152: [send_producer_ack_packet(int)] : Producer ACK packet sent
2025-01-08 21:05:53 INFO  packet.c:152: [send_producer_ack_packet(int)] : Producer ACK packet sent
2025-01-08 21:05:53 INFO  packet.c:152: [send_producer_ack_packet(int)] : Producer ACK packet sent
2025-01-08 21:05:54 INFO  packet.c:152: [send_producer_ack_packet(int)] : Producer ACK packet sent
2025-01-08 21:05:54 INFO  packet.c:152: [send_producer_ack_packet(int)] : Producer ACK packet sent
2025-01-08 21:05:55 INFO  packet.c:152: [send_producer_ack_packet(int)] : Producer ACK packet sent
2025-01-08 21:05:55 INFO  packet.c:152: [send_producer_ack_packet(int)] : Producer ACK packet sent
2025-01-08 21:05:55 INFO  packet.c:152: [send_producer_ack_packet(int)] : Producer ACK packet sent
2025-01-08 21:05:55 INFO  packet.c:152: [send_producer_ack_packet(int)] : Producer ACK packet sent
2025-01-08 21:05:55 DEBUG server.c:361: [handle_subscribe(int, packet*, client_connection*)] : Entered function
2025-01-08 21:05:55 DEBUG server.c:382: [handle_subscribe(int, packet*, client_connection*)] : Topic to subscribe: livingroom.temperature
2025-01-08 21:05:55 INFO  trie.c:220: User admin subscribed to topic: livingroom.temperature
2025-01-08 21:05:55 INFO  server.c:386: [handle_subscribe(int, packet*, client_connection*)] : User "admin" subscribed to topic livingroom.temperature
2025-01-08 21:06:11 INFO  server.c:119: [process_packets(void*)] : Connection closed by client with address 127.0.0.1 and port 46464
2025-01-08 21:06:16 INFO  server.c:453: [handle_user_authentication(int, packet*)] : User admin authenticated successfully
2025-01-08 21:06:16 INFO  packet.c:152: [send_producer_ack_packet(int)] : Producer ACK packet sent
2025-01-08 21:06:16 INFO  packet.c:152: [send_producer_ack_packet(int)] : Producer ACK packet sent
2025-01-08 21:06:16 INFO  trie.c:84: Message sent to subscriber: admin

2025-01-08 21:06:16 INFO  packet.c:152: [send_producer_ack_packet(int)] : Producer ACK packet sent
2025-01-08 21:06:17 INFO  packet.c:152: [send_producer_ack_packet(int)] : Producer ACK packet sent
2025-01-08 21:06:17 INFO  packet.c:152: [send_producer_ack_packet(int)] : Producer ACK packet sent
2025-01-08 21:06:17 INFO  packet.c:152: [send_producer_ack_packet(int)] : Producer ACK packet sent
2025-01-08 21:06:18 INFO  packet.c:152: [send_producer_ack_packet(int)] : Producer ACK packet sent
2025-01-08 21:06:18 INFO  packet.c:152: [send_producer_ack_packet(int)] : Producer ACK packet sent
2025-01-08 21:06:18 INFO  packet.c:152: [send_producer_ack_packet(int)] : Producer ACK packet sent
2025-01-08 21:06:18 DEBUG server.c:361: [handle_subscribe(int, packet*, client_connection*)] : Entered function
2025-01-08 21:06:18 DEBUG server.c:382: [handle_subscribe(int, packet*, client_connection*)] : Topic to subscribe: livingroom.temperature
2025-01-08 21:06:18 INFO  trie.c:212: User admin is already subscribed to topic: livingroom.temperature
2025-01-08 21:06:18 INFO  server.c:386: [handle_subscribe(int, packet*, client_connection*)] : User "admin" subscribed to topic livingroom.temperature
